<?xml version="1.0" encoding="UTF-8"?>
<!-- Generated by org.testng.reporters.JUnitXMLReporter -->
<testsuite ignored="0" hostname="LAPTOP-H9GQVMTB" failures="0" tests="4" name="Testbasic" time="0.041" errors="0" timestamp="2022-07-30T14:49:38 IST">
  <testcase classname="testNG_Learning.TestNGDemo" name="test2" time="0.001"/>
  <testcase classname="testNG_Learning.TestNGDemo" name="test4" time="0.002"/>
  <testcase classname="testNG_Learning.TestNGDemo" name="test1" time="0.002"/>
  <testcase classname="testNG_Learning.TestNGDemo" name="test3" time="0.003"/>
</testsuite> <!-- Testbasic -->
